                                          The SAS System       15:51 Monday, September 22, 2025   1

-------------------------------------------- iterID=1 ---------------------------------------------

                                        The Mixed Procedure

                                        Model Information

                      Data Set                     WORK.DAT_STG1            
                      Dependent Variable           chg                      
                      Covariance Structure         Autoregressive           
                      Subject Effect               SID                      
                      Estimation Method            REML                     
                      Residual Variance Method     Profile                  
                      Fixed Effects SE Method      Kenward-Roger            
                      Degrees of Freedom Method    Kenward-Roger            


                                      Class Level Information
 
                         Class    Levels    Values

                         SID         100    1 2 3 4 5 6 7 8 9 10 11 12 13 
                                            14 15 16 17 18 19 20 21 22 23 
                                            24 25 26 27 28 29 30 31 32 33 
                                            34 35 36 37 38 39 40 41 42 43 
                                            44 45 46 47 48 49 50 51 52 53 
                                            54 55 56 57 58 59 60 61 62 63 
                                            64 65 66 67 68 69 70 71 72 73 
                                            74 75 76 77 78 79 80 81 82 83 
                                            84 85 86 87 88 89 90 91 92 93 
                                            94 95 96 97 98 99 100         
                         trt           2    0 1                           
                         t            10    1 2 3 4 5 6 7 8 9 10          


                                            Dimensions

                                Covariance Parameters             2
                                Columns in X                     30
                                Columns in Z                      0
                                Subjects                        100
                                Max Obs per Subject               9


                                      Number of Observations

                            Number of Observations Read            1000
                            Number of Observations Used             900
                            Number of Observations Not Used         100


                                          The SAS System       15:51 Monday, September 22, 2025   2

-------------------------------------------- iterID=1 ---------------------------------------------

                                        The Mixed Procedure

                                         Iteration History
 
                    Iteration    Evaluations    -2 Res Log Like       Criterion

                            0              1      4118.95503394                
                            1              2      3590.13014794      0.00000741
                            2              1      3590.12283417      0.00000000


                                    Convergence criteria met.                    


                                  Covariance Parameter Estimates
 
                                 Cov Parm     Subject    Estimate

                                 AR(1)        SID          0.7173
                                 Residual                  6.0194


                                          Fit Statistics

                               -2 Res Log Likelihood          3590.1
                               AIC (Smaller is Better)        3594.1
                               AICC (Smaller is Better)       3594.1
                               BIC (Smaller is Better)        3599.3


                                 Null Model Likelihood Ratio Test
 
                                   DF    Chi-Square      Pr > ChiSq

                                    1        528.83          <.0001


                                    Solution for Fixed Effects
 
                                                 Standard
           Effect       trt    t     Estimate       Error      DF    t Value    Pr > |t|

           Intercept                  -0.9116      0.3470     333      -2.63      0.0090
           trt          0             0.07953      0.4907     333       0.16      0.8713
           trt          1                   0           .       .        .         .    
           t                    2     -0.5338      0.4740     501      -1.13      0.2607
           t                    3     -1.5375      0.4670     555      -3.29      0.0011
           t                    4     -1.0563      0.4570     626      -2.31      0.0212
           t                    5     -1.5497      0.4427     714      -3.50      0.0005
           t                    6     -1.4214      0.4218     808      -3.37      0.0008
           t                    7     -0.9012      0.3908     875      -2.31      0.0214
                                          The SAS System       15:51 Monday, September 22, 2025   3

-------------------------------------------- iterID=1 ---------------------------------------------

                                        The Mixed Procedure

                                    Solution for Fixed Effects
 
                                                 Standard
           Effect       trt    t     Estimate       Error      DF    t Value    Pr > |t|

           t                    8     -1.1378      0.3428     860      -3.32      0.0009
           t                    9     -0.7294      0.2616     736      -2.79      0.0054
           t                   10           0           .       .        .         .    
           trt*t        0       2      0.4918      0.6703     501       0.73      0.4635
           trt*t        0       3      0.7400      0.6605     555       1.12      0.2630
           trt*t        0       4      0.2792      0.6464     626       0.43      0.6659
           trt*t        0       5      0.1480      0.6261     714       0.24      0.8131
           trt*t        0       6     -0.1923      0.5966     808      -0.32      0.7473
           trt*t        0       7      0.1498      0.5527     875       0.27      0.7864
           trt*t        0       8     -0.1653      0.4848     860      -0.34      0.7333
           trt*t        0       9     -0.5124      0.3699     736      -1.39      0.1664
           trt*t        0      10           0           .       .        .         .    
           trt*t        1       2           0           .       .        .         .    
           trt*t        1       3           0           .       .        .         .    
           trt*t        1       4           0           .       .        .         .    
           trt*t        1       5           0           .       .        .         .    
           trt*t        1       6           0           .       .        .         .    
           trt*t        1       7           0           .       .        .         .    
           trt*t        1       8           0           .       .        .         .    
           trt*t        1       9           0           .       .        .         .    
           trt*t        1      10           0           .       .        .         .    


                                  Type 3 Tests of Fixed Effects
 
                                        Num     Den
                          Effect         DF      DF    F Value    Pr > F

                          trt             1     123       0.30    0.5824
                          t               8     758      10.00    <.0001
                          trt*t           8     758       0.90    0.5190


                                   Coefficients for trt*t Least
                                      Squares Means Estimate
 
                                 Effect       trt    t       Row1

                                 Intercept                       
                                 trt          0                 1
                                 trt          1                -1
                                 t                    2          
                                 t                    3          
                                 t                    4          
                                          The SAS System       15:51 Monday, September 22, 2025   4

-------------------------------------------- iterID=1 ---------------------------------------------

                                        The Mixed Procedure

                                   Coefficients for trt*t Least
                                      Squares Means Estimate
 
                                 Effect       trt    t       Row1

                                 t                    5          
                                 t                    6          
                                 t                    7          
                                 t                    8          
                                 t                    9          
                                 t                   10          
                                 trt*t        0       2          
                                 trt*t        0       3          
                                 trt*t        0       4          
                                 trt*t        0       5         1
                                 trt*t        0       6          
                                 trt*t        0       7          
                                 trt*t        0       8          
                                 trt*t        0       9          
                                 trt*t        0      10          
                                 trt*t        1       2          
                                 trt*t        1       3          
                                 trt*t        1       4          
                                 trt*t        1       5        -1
                                 trt*t        1       6          
                                 trt*t        1       7          
                                 trt*t        1       8          
                                 trt*t        1       9          
                                 trt*t        1      10          


                                   Least Squares Means Estimate
 
                             Standard
 Effect   Label   Estimate      Error      DF   t Value   Pr > |t|    Alpha      Lower      Upper

 trt*t    W04       0.2276     0.4907   333.3      0.46     0.6431     0.05    -0.7377     1.1928
                                          The SAS System       15:51 Monday, September 22, 2025   5

-------------------------------------------- iterID=1 ---------------------------------------------

                                        The Mixed Procedure

                                        Model Information

                      Data Set                     WORK.DAT_STG2            
                      Dependent Variable           chg                      
                      Covariance Structure         Autoregressive           
                      Subject Effect               SID                      
                      Estimation Method            REML                     
                      Residual Variance Method     Profile                  
                      Fixed Effects SE Method      Kenward-Roger            
                      Degrees of Freedom Method    Kenward-Roger            


                                      Class Level Information
 
                         Class    Levels    Values

                         SID         100    1 2 3 4 5 6 7 8 9 10 11 12 13 
                                            14 15 16 17 18 19 20 21 22 23 
                                            24 25 26 27 28 29 30 31 32 33 
                                            34 35 36 37 38 39 40 41 42 43 
                                            44 45 46 47 48 49 50 51 52 53 
                                            54 55 56 57 58 59 60 61 62 63 
                                            64 65 66 67 68 69 70 71 72 73 
                                            74 75 76 77 78 79 80 81 82 83 
                                            84 85 86 87 88 89 90 91 92 93 
                                            94 95 96 97 98 99 100         
                         trt           2    0 1                           
                         t            10    1 2 3 4 5 6 7 8 9 10          


                                            Dimensions

                                Covariance Parameters             2
                                Columns in X                     30
                                Columns in Z                      0
                                Subjects                        100
                                Max Obs per Subject               9


                                      Number of Observations

                            Number of Observations Read            1000
                            Number of Observations Used             900
                            Number of Observations Not Used         100


                                          The SAS System       15:51 Monday, September 22, 2025   6

-------------------------------------------- iterID=1 ---------------------------------------------

                                        The Mixed Procedure

                                         Iteration History
 
                    Iteration    Evaluations    -2 Res Log Like       Criterion

                            0              1      4295.00326160                
                            1              2      3633.49671407      0.00000017
                            2              1      3633.49654424      0.00000000


                                    Convergence criteria met.                    


                                  Covariance Parameter Estimates
 
                                 Cov Parm     Subject    Estimate

                                 AR(1)        SID          0.7495
                                 Residual                  6.9256


                                          Fit Statistics

                               -2 Res Log Likelihood          3633.5
                               AIC (Smaller is Better)        3637.5
                               AICC (Smaller is Better)       3637.5
                               BIC (Smaller is Better)        3642.7


                                 Null Model Likelihood Ratio Test
 
                                   DF    Chi-Square      Pr > ChiSq

                                    1        661.51          <.0001


                                    Solution for Fixed Effects
 
                                                 Standard
           Effect       trt    t     Estimate       Error      DF    t Value    Pr > |t|

           Intercept                  -1.0418      0.3722     323      -2.80      0.0054
           trt          0             -0.8596      0.5263     323      -1.63      0.1034
           trt          1                   0           .       .        .         .    
           t                    2     0.09129      0.5004     536       0.18      0.8553
           t                    3     -0.8069      0.4912     594      -1.64      0.1009
           t                    4     -0.5442      0.4785     666      -1.14      0.2558
           t                    5     -1.0074      0.4610     749      -2.19      0.0292
           t                    6     -1.4299      0.4366     830      -3.28      0.0011
           t                    7     -0.7667      0.4016     879      -1.91      0.0566
                                          The SAS System       15:51 Monday, September 22, 2025   7

-------------------------------------------- iterID=1 ---------------------------------------------

                                        The Mixed Procedure

                                    Solution for Fixed Effects
 
                                                 Standard
           Effect       trt    t     Estimate       Error      DF    t Value    Pr > |t|

           t                    8     -0.8204      0.3494     859      -2.35      0.0191
           t                    9     -0.5805      0.2641     754      -2.20      0.0283
           t                   10           0           .       .        .         .    
           trt*t        0       2      0.8922      0.7077     536       1.26      0.2079
           trt*t        0       3      0.9823      0.6946     594       1.41      0.1578
           trt*t        0       4      0.8744      0.6767     666       1.29      0.1968
           trt*t        0       5      0.9165      0.6520     749       1.41      0.1602
           trt*t        0       6      1.2110      0.6174     830       1.96      0.0502
           trt*t        0       7      1.0490      0.5679     879       1.85      0.0651
           trt*t        0       8      0.1373      0.4941     859       0.28      0.7811
           trt*t        0       9    -0.09713      0.3735     754      -0.26      0.7949
           trt*t        0      10           0           .       .        .         .    
           trt*t        1       2           0           .       .        .         .    
           trt*t        1       3           0           .       .        .         .    
           trt*t        1       4           0           .       .        .         .    
           trt*t        1       5           0           .       .        .         .    
           trt*t        1       6           0           .       .        .         .    
           trt*t        1       7           0           .       .        .         .    
           trt*t        1       8           0           .       .        .         .    
           trt*t        1       9           0           .       .        .         .    
           trt*t        1      10           0           .       .        .         .    


                                  Type 3 Tests of Fixed Effects
 
                                        Num     Den
                          Effect         DF      DF    F Value    Pr > F

                          trt             1     130       0.28    0.5981
                          t               8     771       7.11    <.0001
                          trt*t           8     771       1.01    0.4294


                                   Coefficients for trt*t Least
                                      Squares Means Estimate
 
                                 Effect       trt    t       Row1

                                 Intercept                       
                                 trt          0                 1
                                 trt          1                -1
                                 t                    2          
                                 t                    3          
                                 t                    4          
                                          The SAS System       15:51 Monday, September 22, 2025   8

-------------------------------------------- iterID=1 ---------------------------------------------

                                        The Mixed Procedure

                                   Coefficients for trt*t Least
                                      Squares Means Estimate
 
                                 Effect       trt    t       Row1

                                 t                    5          
                                 t                    6          
                                 t                    7          
                                 t                    8          
                                 t                    9          
                                 t                   10          
                                 trt*t        0       2          
                                 trt*t        0       3          
                                 trt*t        0       4          
                                 trt*t        0       5         1
                                 trt*t        0       6          
                                 trt*t        0       7          
                                 trt*t        0       8          
                                 trt*t        0       9          
                                 trt*t        0      10          
                                 trt*t        1       2          
                                 trt*t        1       3          
                                 trt*t        1       4          
                                 trt*t        1       5        -1
                                 trt*t        1       6          
                                 trt*t        1       7          
                                 trt*t        1       8          
                                 trt*t        1       9          
                                 trt*t        1      10          


                                   Least Squares Means Estimate
 
                             Standard
 Effect   Label   Estimate      Error      DF   t Value   Pr > |t|    Alpha      Lower      Upper

 trt*t    W04      0.05690     0.5263   323.3      0.11     0.9140     0.05    -0.9786     1.0924
